<?xml version="1.0" encoding="UTF-8"?>
<testng-results ignored="0" total="1" passed="1" failed="0" skipped="0">
  <reporter-output>
  </reporter-output>
  <suite started-at="2023-04-25T12:47:59 EDT" name="Default suite" finished-at="2023-04-25T12:55:15 EDT" duration-ms="435580">
    <groups>
    </groups>
    <test started-at="2023-04-25T12:47:59 EDT" name="Default test" finished-at="2023-04-25T12:55:15 EDT" duration-ms="435580">
      <class name="HBPAllergy">
        <test-method is-config="true" signature="setUpBrowser(java.lang.String)[pri:0, instance:HBPAllergy@6c80d78a]" started-at="2023-04-25T12:47:59 EDT" name="setUpBrowser" finished-at="2023-04-25T12:48:05 EDT" duration-ms="5786" status="PASS">
          <params>
            <param index="0">
              <value>
                <![CDATA[chrome]]>
              </value>
            </param>
          </params>
          <reporter-output>
          </reporter-output>
        </test-method> <!-- setUpBrowser -->
        <test-method signature="highBloodPressure()[pri:0, instance:HBPAllergy@6c80d78a]" started-at="2023-04-25T12:48:05 EDT" name="highBloodPressure" finished-at="2023-04-25T12:55:14 EDT" duration-ms="429112" status="PASS">
          <reporter-output>
          </reporter-output>
        </test-method> <!-- highBloodPressure -->
        <test-method is-config="true" signature="browserTearDown()[pri:0, instance:HBPAllergy@6c80d78a]" started-at="2023-04-25T12:55:14 EDT" name="browserTearDown" finished-at="2023-04-25T12:55:15 EDT" duration-ms="640" status="PASS">
          <reporter-output>
          </reporter-output>
        </test-method> <!-- browserTearDown -->
      </class> <!-- HBPAllergy -->
    </test> <!-- Default test -->
  </suite> <!-- Default suite -->
</testng-results>
